{"name": "test_add_item_to_cart", "status": "failed", "statusDetails": {"message": "AssertionError: Expected count: 2 \n  Count: <bound method InventoryPage.get_cart_count of <pages.inventory_page.InventoryPage object at 0x1068a3cb0>>\nassert get_cart_count == 2\n +  where get_cart_count = <pages.inventory_page.InventoryPage object at 0x1068a3cb0>.get_cart_count", "trace": "driver = <selenium.webdriver.chrome.webdriver.WebDriver (session=\"db7e26d24b2e2f55455aca85988db8ac\")>\n\n    @allure.feature(\"Корзина покупок\")\n    def test_add_item_to_cart(driver):\n        with allure.step(\"authorization\"):\n            login_page = LoginPage(driver)\n            login_page.open()\n            login_page.enter_username(\"standard_user\")\n            login_page.enter_password(\"secret_sauce\")\n            login_page.click_login()\n    \n        with allure.step(\"Add item to cart\"):\n            inventory_page = InventoryPage(driver)\n            inventory_page.add_item_to_cart(\"Sauce Labs Bike Light\")\n            inventory_page.add_item_to_cart(\"Sauce Labs Onesie\")\n    \n>           assert inventory_page.get_cart_count == 2, f\"Expected count: 2 \\nCount: {inventory_page.get_cart_count}\"\nE           AssertionError: Expected count: 2 \nE             Count: <bound method InventoryPage.get_cart_count of <pages.inventory_page.InventoryPage object at 0x1068a3cb0>>\nE           assert get_cart_count == 2\nE            +  where get_cart_count = <pages.inventory_page.InventoryPage object at 0x1068a3cb0>.get_cart_count\n\ntests/web/test_cart.py:20: AssertionError"}, "steps": [{"name": "authorization", "status": "passed", "start": 1753136284267, "stop": 1753136286920}, {"name": "Add item to cart", "status": "failed", "statusDetails": {"message": "AssertionError: Expected count: 2 \n  Count: <bound method InventoryPage.get_cart_count of <pages.inventory_page.InventoryPage object at 0x1068a3cb0>>\nassert get_cart_count == 2\n +  where get_cart_count = <pages.inventory_page.InventoryPage object at 0x1068a3cb0>.get_cart_count\n", "trace": "  File \"/Users/sokolov/Documents/qa-automation-learning/qa-automation-learning/tests/web/test_cart.py\", line 20, in test_add_item_to_cart\n    assert inventory_page.get_cart_count == 2, f\"Expected count: 2 \\nCount: {inventory_page.get_cart_count}\"\n"}, "start": 1753136286920, "stop": 1753136287199}], "start": 1753136284267, "stop": 1753136287206, "uuid": "8446216c-9d9f-4217-bd50-7e8f651ec5e3", "historyId": "7917315fde1af617c4ed5737863796ad", "testCaseId": "7917315fde1af617c4ed5737863796ad", "fullName": "tests.web.test_cart#test_add_item_to_cart", "labels": [{"name": "feature", "value": "Корзина покупок"}, {"name": "parentSuite", "value": "tests.web"}, {"name": "suite", "value": "test_cart"}, {"name": "host", "value": "Sokolovs-MacBook-Air.local"}, {"name": "thread", "value": "9714-MainThread"}, {"name": "framework", "value": "pytest"}, {"name": "language", "value": "cpython3"}, {"name": "package", "value": "tests.web.test_cart"}]}