{"name": "test_add_item_to_cart", "status": "failed", "statusDetails": {"message": "AssertionError: Expected count: 2 \n  Count: <bound method InventoryPage.get_cart_count of <pages.inventory_page.InventoryPage object at 0x102d9bcb0>>\nassert get_cart_count == 2\n +  where get_cart_count = <pages.inventory_page.InventoryPage object at 0x102d9bcb0>.get_cart_count", "trace": "driver = <selenium.webdriver.chrome.webdriver.WebDriver (session=\"44ca1fb66ccf152b5c8723d61114709d\")>\n\n    @allure.feature(\"Корзина покупок\")\n    def test_add_item_to_cart(driver):\n        with allure.step(\"authorization\"):\n            login_page = LoginPage(driver)\n            login_page.open()\n            login_page.enter_username(\"standard_user\")\n            login_page.enter_password(\"secret_sauce\")\n            login_page.click_login()\n    \n        with allure.step(\"Add item to cart\"):\n            inventory_page = InventoryPage(driver)\n            inventory_page.add_item_to_cart(\"Sauce Labs Bike Light\")\n            inventory_page.add_item_to_cart(\"Sauce Labs Onesie\")\n    \n>           assert inventory_page.get_cart_count == 2, f\"Expected count: 2 \\nCount: {inventory_page.get_cart_count}\"\nE           AssertionError: Expected count: 2 \nE             Count: <bound method InventoryPage.get_cart_count of <pages.inventory_page.InventoryPage object at 0x102d9bcb0>>\nE           assert get_cart_count == 2\nE            +  where get_cart_count = <pages.inventory_page.InventoryPage object at 0x102d9bcb0>.get_cart_count\n\ntests/web/test_cart.py:20: AssertionError"}, "steps": [{"name": "authorization", "status": "passed", "start": 1753136070337, "stop": 1753136072778}, {"name": "Add item to cart", "status": "failed", "statusDetails": {"message": "AssertionError: Expected count: 2 \n  Count: <bound method InventoryPage.get_cart_count of <pages.inventory_page.InventoryPage object at 0x102d9bcb0>>\nassert get_cart_count == 2\n +  where get_cart_count = <pages.inventory_page.InventoryPage object at 0x102d9bcb0>.get_cart_count\n", "trace": "  File \"/Users/sokolov/Documents/qa-automation-learning/qa-automation-learning/tests/web/test_cart.py\", line 20, in test_add_item_to_cart\n    assert inventory_page.get_cart_count == 2, f\"Expected count: 2 \\nCount: {inventory_page.get_cart_count}\"\n"}, "start": 1753136072778, "stop": 1753136073107}], "start": 1753136070337, "stop": 1753136073111, "uuid": "56ec5130-bd4e-4ee3-8299-e7f0ff67cf97", "historyId": "7917315fde1af617c4ed5737863796ad", "testCaseId": "7917315fde1af617c4ed5737863796ad", "fullName": "tests.web.test_cart#test_add_item_to_cart", "labels": [{"name": "feature", "value": "Корзина покупок"}, {"name": "parentSuite", "value": "tests.web"}, {"name": "suite", "value": "test_cart"}, {"name": "host", "value": "Sokolovs-MacBook-Air.local"}, {"name": "thread", "value": "9203-MainThread"}, {"name": "framework", "value": "pytest"}, {"name": "language", "value": "cpython3"}, {"name": "package", "value": "tests.web.test_cart"}]}